Using pre-set license
Built from '2020.3/staging' branch; Version is '2020.3.8f1 (507919d4fff5) revision 5273881'; Using compiler version '192528614'; Build Type 'Release'
OS: 'Windows 10 Home Single Language; OS build 19041.1052; Version 2004; 64bit' Language: 'tr' Physical Memory: 16230 MB
BatchMode: 1, IsHumanControllingUs: 0, StartBugReporterOnCrash: 0, Is64bit: 1, IsPro: 0

 COMMAND LINE ARGUMENTS:
C:\Program Files\Unity\Hub\Editor\2020.3.8f1\Editor\Unity.exe
-adb2
-batchMode
-noUpm
-name
AssetImportWorker0
-projectPath
C:/Users/furka/GitHub/BasketballGame
-logFile
Logs/AssetImportWorker0.log
-srvPort
49894
Successfully changed project path to: C:/Users/furka/GitHub/BasketballGame
C:/Users/furka/GitHub/BasketballGame
Using Asset Import Pipeline V2.
Refreshing native plugins compatible for Editor in 34.87 ms, found 0 plugins.
Preloading 0 native plugins for Editor in 0.00 ms.
Initialize engine version: 2020.3.8f1 (507919d4fff5)
[Subsystems] Discovering subsystems at path C:/Program Files/Unity/Hub/Editor/2020.3.8f1/Editor/Data/Resources/UnitySubsystems
[Subsystems] Discovering subsystems at path C:/Users/furka/GitHub/BasketballGame/Assets
GfxDevice: creating device client; threaded=0
Direct3D:
    Version:  Direct3D 11.0 [level 11.1]
    Renderer: NVIDIA GeForce GTX 1650 with Max-Q Design (ID=0x1f91)
    Vendor:   
    VRAM:     3962 MB
    Driver:   27.21.14.6079
Initialize mono
Mono path[0] = 'C:/Program Files/Unity/Hub/Editor/2020.3.8f1/Editor/Data/Managed'
Mono path[1] = 'C:/Program Files/Unity/Hub/Editor/2020.3.8f1/Editor/Data/MonoBleedingEdge/lib/mono/unityjit'
Mono config path = 'C:/Program Files/Unity/Hub/Editor/2020.3.8f1/Editor/Data/MonoBleedingEdge/etc'
Using monoOptions --debugger-agent=transport=dt_socket,embedding=1,server=y,suspend=n,address=127.0.0.1:56320
Begin MonoManager ReloadAssembly
Registering precompiled unity dll's ...
Register platform support module: C:/Program Files/Unity/Hub/Editor/2020.3.8f1/Editor/Data/PlaybackEngines/WindowsStandaloneSupport/UnityEditor.WindowsStandalone.Extensions.dll
Registered in 0.248322 seconds.
Native extension for WindowsStandalone target not found
Refreshing native plugins compatible for Editor in 50.41 ms, found 0 plugins.
Preloading 0 native plugins for Editor in 0.00 ms.
Mono: successfully reloaded assembly
- Completed reload, in 10.125 seconds
Platform modules already initialized, skipping
Registering precompiled user dll's ...
Registered in 0.110395 seconds.
Begin MonoManager ReloadAssembly
Native extension for WindowsStandalone target not found
Refreshing native plugins compatible for Editor in 0.24 ms, found 0 plugins.
Preloading 0 native plugins for Editor in 0.00 ms.
Mono: successfully reloaded assembly
- Completed reload, in  2.241 seconds
Platform modules already initialized, skipping
========================================================================
Worker process is ready to serve import requests
Launched and connected shader compiler UnityShaderCompiler.exe after 0.13 seconds
Refreshing native plugins compatible for Editor in 0.28 ms, found 0 plugins.
Preloading 0 native plugins for Editor in 0.00 ms.
Unloading 1138 Unused Serialized files (Serialized files now loaded: 0)
System memory in use before: 61.1 MB.
System memory in use after: 61.2 MB.

Unloading 10 unused Assets to reduce memory usage. Loaded Objects now: 1589.
Total: 1.876700 ms (FindLiveObjects: 0.145200 ms CreateObjectMapping: 0.041900 ms MarkObjects: 1.599300 ms  DeleteObjects: 0.089200 ms)

========================================================================
Received Import Request.
  path: Assets/ScriptableObjects/Level7.asset
  artifactKey: Guid(c1b1c614235071b4c878c33a72cdc26e) Importer(815301076,1909f56bfc062723c751e8b465ee728b)
Start importing Assets/ScriptableObjects/Level7.asset using Guid(c1b1c614235071b4c878c33a72cdc26e) Importer(815301076,1909f56bfc062723c751e8b465ee728b)  -> (artifact id: 'f08b6c6273335245bc66cf7a22809f1e') in 0.052313 seconds
  Import took 0.055135 seconds .

========================================================================
Received Import Request.
  Time since last request: 0.000450 seconds.
  path: Assets/ScriptableObjects/Level10.asset
  artifactKey: Guid(d1d4faaac7e64d841a609bb1d6d5ea63) Importer(815301076,1909f56bfc062723c751e8b465ee728b)
Start importing Assets/ScriptableObjects/Level10.asset using Guid(d1d4faaac7e64d841a609bb1d6d5ea63) Importer(815301076,1909f56bfc062723c751e8b465ee728b)  -> (artifact id: 'cef3fe3a569d8f78e722c0219fb6bdf7') in 0.014527 seconds
  Import took 0.016763 seconds .

========================================================================
Received Import Request.
  Time since last request: 0.000351 seconds.
  path: Assets/ScriptableObjects/Level6.asset
  artifactKey: Guid(b044d3ac9433290439ccada279922f36) Importer(815301076,1909f56bfc062723c751e8b465ee728b)
Start importing Assets/ScriptableObjects/Level6.asset using Guid(b044d3ac9433290439ccada279922f36) Importer(815301076,1909f56bfc062723c751e8b465ee728b)  -> (artifact id: 'c382c0e7c7417960c02e1c695cd504e1') in 0.013110 seconds
  Import took 0.015519 seconds .

========================================================================
Received Import Request.
  Time since last request: 0.000330 seconds.
  path: Assets/ScriptableObjects/Level5.asset
  artifactKey: Guid(1c03bfa283551b147a241268213ec8ea) Importer(815301076,1909f56bfc062723c751e8b465ee728b)
Start importing Assets/ScriptableObjects/Level5.asset using Guid(1c03bfa283551b147a241268213ec8ea) Importer(815301076,1909f56bfc062723c751e8b465ee728b)  -> (artifact id: '2c0de07a056c9f1b53a98d773b3ff77a') in 0.014433 seconds
  Import took 0.016831 seconds .

========================================================================
Received Import Request.
  Time since last request: 0.000401 seconds.
  path: Assets/ScriptableObjects/Level4.asset
  artifactKey: Guid(09ee33fbab749f44193c3101fb8664a7) Importer(815301076,1909f56bfc062723c751e8b465ee728b)
Start importing Assets/ScriptableObjects/Level4.asset using Guid(09ee33fbab749f44193c3101fb8664a7) Importer(815301076,1909f56bfc062723c751e8b465ee728b)  -> (artifact id: 'd78f2b45cb4dcadbf422c86d6e56e073') in 0.015498 seconds
  Import took 0.017621 seconds .

========================================================================
Received Import Request.
  Time since last request: 0.000346 seconds.
  path: Assets/ScriptableObjects/Level3.asset
  artifactKey: Guid(141e0e14a59d2f4418731d93303194fd) Importer(815301076,1909f56bfc062723c751e8b465ee728b)
Start importing Assets/ScriptableObjects/Level3.asset using Guid(141e0e14a59d2f4418731d93303194fd) Importer(815301076,1909f56bfc062723c751e8b465ee728b)  -> (artifact id: '2f87f2195b2fa8585de9c56ca3dab406') in 0.014137 seconds
  Import took 0.016349 seconds .

========================================================================
Received Import Request.
  Time since last request: 0.000376 seconds.
  path: Assets/ScriptableObjects/Level9.asset
  artifactKey: Guid(295aecf23b778874988419bf7a1a3dfb) Importer(815301076,1909f56bfc062723c751e8b465ee728b)
Start importing Assets/ScriptableObjects/Level9.asset using Guid(295aecf23b778874988419bf7a1a3dfb) Importer(815301076,1909f56bfc062723c751e8b465ee728b)  -> (artifact id: 'ffc4b39fe3bf3594899a448784ddaf4a') in 0.016411 seconds
  Import took 0.018737 seconds .

========================================================================
Received Import Request.
  Time since last request: 0.000392 seconds.
  path: Assets/ScriptableObjects/Level8.asset
  artifactKey: Guid(b1d950afb61acc94fb28525041acdd44) Importer(815301076,1909f56bfc062723c751e8b465ee728b)
Start importing Assets/ScriptableObjects/Level8.asset using Guid(b1d950afb61acc94fb28525041acdd44) Importer(815301076,1909f56bfc062723c751e8b465ee728b)  -> (artifact id: '46513b479b74dca0401b0dc761aadd9c') in 0.015885 seconds
  Import took 0.018746 seconds .

